<?xml version="1.0" encoding="UTF-8"?>
<!-- Generated by org.testng.reporters.JUnitXMLReporter -->
<testsuite ignored="0" hostname="DESKTOP-9QJFTD7" failures="1" tests="8" name="Test" time="0.199" errors="0" timestamp="2024-01-08T20:06:49 EST">
  <testcase classname="tests.NewTest" name="test1" time="0.01"/>
  <testcase classname="tests.NewTest" name="test2" time="0.001"/>
  <testcase classname="tests.NewTest" name="test3" time="0.001"/>
  <testcase classname="tests.testing2" name="test4" time="0.002"/>
  <testcase classname="tests.testing2" name="test5" time="0.001"/>
  <testcase classname="tests.testing3" name="createUser" time="0.015"/>
  <testcase classname="tests.testing3" name="editUser" time="0.03">
    <failure type="java.lang.AssertionError" message="The following asserts failed:
	Verifying the Element expected [true] but found [false]">
      <![CDATA[java.lang.AssertionError: The following asserts failed:
Verifying the Element expected [true] but found [false]
at tests.testing3.editUser(testing3.java:26)
at java.base/java.util.ArrayList.forEach(ArrayList.java:1511)
... Removed 29 stack frames]]>
    </failure>
  </testcase> <!-- editUser -->
  <testcase classname="tests.testing3" name="deletUser" time="0.001">
    <skipped/>
  </testcase> <!-- deletUser -->
</testsuite> <!-- Test -->
